\BOOKMARK [0][-]{chapter.1}{Introduction}{}% 1
\BOOKMARK [0][-]{chapter.2}{Model Description}{}% 2
\BOOKMARK [1][-]{section.2.1}{Portfolio construction}{chapter.2}% 3
\BOOKMARK [1][-]{section.2.2}{Stochastic Reachability Approach}{chapter.2}% 4
\BOOKMARK [0][-]{chapter.3}{Asset Class Returns modeling}{}% 5
\BOOKMARK [1][-]{section.3.1}{Gaussian model}{chapter.3}% 6
\BOOKMARK [1][-]{section.3.2}{Gaussian Mixture model}{chapter.3}% 7
\BOOKMARK [1][-]{section.3.3}{Generelized Hyperbolic model}{chapter.3}% 8
\BOOKMARK [0][-]{chapter.4}{Model Calibration}{}% 9
\BOOKMARK [1][-]{section.4.1}{GM calibration}{chapter.4}% 10
\BOOKMARK [2][-]{subsection.4.1.1}{Method of Moments}{section.4.1}% 11
\BOOKMARK [2][-]{subsection.4.1.2}{Expectation-Maximization}{section.4.1}% 12
\BOOKMARK [1][-]{section.4.2}{GH calibration}{chapter.4}% 13
\BOOKMARK [0][-]{appendix.A}{proofs}{}% 14
\BOOKMARK [0][-]{appendix.B}{Probability Distributions}{}% 15
\BOOKMARK [1][-]{section.B.1}{Generalized Inverse Gaussian}{appendix.B}% 16
\BOOKMARK [1][-]{section.B.2}{Density Functions}{appendix.B}% 17
\BOOKMARK [2][-]{subsection.B.2.1}{GH}{section.B.2}% 18
\BOOKMARK [2][-]{subsection.B.2.2}{Student-t}{section.B.2}% 19
\BOOKMARK [2][-]{subsection.B.2.3}{VG}{section.B.2}% 20
