This is pdfTeX, Version 3.14159265-2.6-1.40.16 (TeX Live 2015/Debian) (preloaded format=pdflatex 2017.8.29)  15 NOV 2017 10:34
entering extended mode
 restricted \write18 enabled.
 %&-line parsing enabled.
**secondWIP.tex
(./secondWIP.tex
LaTeX2e <2016/02/01>
Babel <3.9q> and hyphenation patterns for 81 language(s) loaded.
(/usr/share/texlive/texmf-dist/tex/latex/extsizes/extarticle.cls
Document Class: extarticle 1996/10/08 v1.0 Non Standard LaTeX document class
(/usr/share/texlive/texmf-dist/tex/latex/base/size10.clo
File: size10.clo 2014/09/29 v1.4h Standard LaTeX file (size option)
)
(/usr/share/texlive/texmf-dist/tex/latex/base/exscale.sty
Package: exscale 2014/09/29 v2.1h Standard LaTeX package exscale
LaTeX Font Info:    Redeclaring symbol font `largesymbols' on input line 57.
LaTeX Font Info:    Overwriting symbol font `largesymbols' in version `normal'
(Font)                  OMX/cmex/m/n --> OMX/cmex/m/n on input line 57.
LaTeX Font Info:    Overwriting symbol font `largesymbols' in version `bold'
(Font)                  OMX/cmex/m/n --> OMX/cmex/m/n on input line 57.
\big@size=\dimen102
)
\c@part=\count79
\c@section=\count80
\c@subsection=\count81
\c@subsubsection=\count82
\c@paragraph=\count83
\c@subparagraph=\count84
\c@figure=\count85
\c@table=\count86
\abovecaptionskip=\skip41
\belowcaptionskip=\skip42
\bibindent=\dimen103
)
(/usr/share/texlive/texmf-dist/tex/latex/float/float.sty
Package: float 2001/11/08 v1.3d Float enhancements (AL)
\c@float@type=\count87
\float@exts=\toks14
\float@box=\box26
\@float@everytoks=\toks15
\@floatcapt=\box27
)
(/usr/share/texlive/texmf-dist/tex/generic/babel/babel.sty
Package: babel 2016/02/24 3.9q The Babel package

(/usr/share/texlive/texmf-dist/tex/generic/babel-english/english.ldf
Language: english 2012/08/20 v3.3p English support from the babel system

(/usr/share/texlive/texmf-dist/tex/generic/babel/babel.def
File: babel.def 2016/02/24 3.9q Babel common definitions
\babel@savecnt=\count88
\U@D=\dimen104
)
\l@canadian = a dialect from \language\l@american 
\l@australian = a dialect from \language\l@british 
\l@newzealand = a dialect from \language\l@british 
))
(/usr/share/texlive/texmf-dist/tex/latex/graphics/graphicx.sty
Package: graphicx 2014/10/28 v1.0g Enhanced LaTeX Graphics (DPC,SPQR)

(/usr/share/texlive/texmf-dist/tex/latex/graphics/keyval.sty
Package: keyval 2014/10/28 v1.15 key=value parser (DPC)
\KV@toks@=\toks16
)
(/usr/share/texlive/texmf-dist/tex/latex/graphics/graphics.sty
Package: graphics 2016/01/03 v1.0q Standard LaTeX Graphics (DPC,SPQR)

(/usr/share/texlive/texmf-dist/tex/latex/graphics/trig.sty
Package: trig 2016/01/03 v1.10 sin cos tan (DPC)
)
(/usr/share/texlive/texmf-dist/tex/latex/latexconfig/graphics.cfg
File: graphics.cfg 2010/04/23 v1.9 graphics configuration of TeX Live
)
Package graphics Info: Driver file: pdftex.def on input line 95.

(/usr/share/texlive/texmf-dist/tex/latex/pdftex-def/pdftex.def
File: pdftex.def 2011/05/27 v0.06d Graphics/color for pdfTeX

(/usr/share/texlive/texmf-dist/tex/generic/oberdiek/infwarerr.sty
Package: infwarerr 2010/04/08 v1.3 Providing info/warning/error messages (HO)
)
(/usr/share/texlive/texmf-dist/tex/generic/oberdiek/ltxcmds.sty
Package: ltxcmds 2011/11/09 v1.22 LaTeX kernel commands for general use (HO)
)
\Gread@gobject=\count89
))
\Gin@req@height=\dimen105
\Gin@req@width=\dimen106
)
(/usr/share/texlive/texmf-dist/tex/latex/subfig/subfig.sty
Package: subfig 2005/06/28 ver: 1.3 subfig package

(/usr/share/texlive/texmf-dist/tex/latex/caption/caption.sty
Package: caption 2016/02/21 v3.3-144 Customizing captions (AR)

(/usr/share/texlive/texmf-dist/tex/latex/caption/caption3.sty
Package: caption3 2016/02/04 v1.7-139 caption3 kernel (AR)
Package caption3 Info: TeX engine: e-TeX on input line 67.
\captionmargin=\dimen107
\captionmargin@=\dimen108
\captionwidth=\dimen109
\caption@tempdima=\dimen110
\caption@indent=\dimen111
\caption@parindent=\dimen112
\caption@hangindent=\dimen113
)
\c@ContinuedFloat=\count90
Package caption Info: float package is loaded.
)
\c@KVtest=\count91
\sf@farskip=\skip43
\sf@captopadj=\dimen114
\sf@capskip=\skip44
\sf@nearskip=\skip45
\c@subfigure=\count92
\c@subfigure@save=\count93
\c@lofdepth=\count94
\c@subtable=\count95
\c@subtable@save=\count96
\c@lotdepth=\count97
\sf@top=\skip46
\sf@bottom=\skip47
)

LaTeX Warning: Unused global option(s):
    [16pt].

(./secondWIP.aux)
\openout1 = `secondWIP.aux'.

LaTeX Font Info:    Checking defaults for OML/cmm/m/it on input line 11.
LaTeX Font Info:    ... okay on input line 11.
LaTeX Font Info:    Checking defaults for T1/cmr/m/n on input line 11.
LaTeX Font Info:    ... okay on input line 11.
LaTeX Font Info:    Checking defaults for OT1/cmr/m/n on input line 11.
LaTeX Font Info:    ... okay on input line 11.
LaTeX Font Info:    Checking defaults for OMS/cmsy/m/n on input line 11.
LaTeX Font Info:    ... okay on input line 11.
LaTeX Font Info:    Checking defaults for OMX/cmex/m/n on input line 11.
LaTeX Font Info:    ... okay on input line 11.
LaTeX Font Info:    Checking defaults for U/cmr/m/n on input line 11.
LaTeX Font Info:    ... okay on input line 11.
 (/usr/share/texlive/texmf-dist/tex/context/base/supp-pdf.mkii
[Loading MPS to PDF converter (version 2006.09.02).]
\scratchcounter=\count98
\scratchdimen=\dimen115
\scratchbox=\box28
\nofMPsegments=\count99
\nofMParguments=\count100
\everyMPshowfont=\toks17
\MPscratchCnt=\count101
\MPscratchDim=\dimen116
\MPnumerator=\count102
\makeMPintoPDFobject=\count103
\everyMPtoPDFconversion=\toks18
) (/usr/share/texlive/texmf-dist/tex/generic/oberdiek/pdftexcmds.sty
Package: pdftexcmds 2011/11/29 v0.20 Utility functions of pdfTeX for LuaTeX (HO
)

(/usr/share/texlive/texmf-dist/tex/generic/oberdiek/ifluatex.sty
Package: ifluatex 2010/03/01 v1.3 Provides the ifluatex switch (HO)
Package ifluatex Info: LuaTeX not detected.
)
(/usr/share/texlive/texmf-dist/tex/generic/oberdiek/ifpdf.sty
Package: ifpdf 2011/01/30 v2.3 Provides the ifpdf switch (HO)
Package ifpdf Info: pdfTeX in PDF mode is detected.
)
Package pdftexcmds Info: LuaTeX not detected.
Package pdftexcmds Info: \pdf@primitive is available.
Package pdftexcmds Info: \pdf@ifprimitive is available.
Package pdftexcmds Info: \pdfdraftmode found.
)
(/usr/share/texlive/texmf-dist/tex/latex/oberdiek/epstopdf-base.sty
Package: epstopdf-base 2010/02/09 v2.5 Base part for package epstopdf

(/usr/share/texlive/texmf-dist/tex/latex/oberdiek/grfext.sty
Package: grfext 2010/08/19 v1.1 Manage graphics extensions (HO)

(/usr/share/texlive/texmf-dist/tex/generic/oberdiek/kvdefinekeys.sty
Package: kvdefinekeys 2011/04/07 v1.3 Define keys (HO)
))
(/usr/share/texlive/texmf-dist/tex/latex/oberdiek/kvoptions.sty
Package: kvoptions 2011/06/30 v3.11 Key value format for package options (HO)

(/usr/share/texlive/texmf-dist/tex/generic/oberdiek/kvsetkeys.sty
Package: kvsetkeys 2012/04/25 v1.16 Key value parser (HO)

(/usr/share/texlive/texmf-dist/tex/generic/oberdiek/etexcmds.sty
Package: etexcmds 2011/02/16 v1.5 Avoid name clashes with e-TeX commands (HO)
Package etexcmds Info: Could not find \expanded.
(etexcmds)             That can mean that you are not using pdfTeX 1.50 or
(etexcmds)             that some package has redefined \expanded.
(etexcmds)             In the latter case, load this package earlier.
)))
Package grfext Info: Graphics extension search list:
(grfext)             [.png,.pdf,.jpg,.mps,.jpeg,.jbig2,.jb2,.PNG,.PDF,.JPG,.JPE
G,.JBIG2,.JB2,.eps]
(grfext)             \AppendGraphicsExtensions on input line 452.

(/usr/share/texlive/texmf-dist/tex/latex/latexconfig/epstopdf-sys.cfg
File: epstopdf-sys.cfg 2010/07/13 v1.3 Configuration of (r)epstopdf for TeX Liv
e
))
Package caption Info: Begin \AtBeginDocument code.
Package caption Info: subfig package v1.3 is loaded.
Package caption Info: End \AtBeginDocument code.
LaTeX Font Info:    External font `cmex7' loaded for size
(Font)              <6> on input line 13.
LaTeX Font Info:    External font `cmex7' loaded for size
(Font)              <7> on input line 19.
LaTeX Font Info:    External font `cmex7' loaded for size
(Font)              <5> on input line 19.

<GvsGMvsGHm.png, id=1, 421.575pt x 316.0608pt>
File: GvsGMvsGHm.png Graphic file (type png)
 <use GvsGMvsGHm.png>
Package pdftex.def Info: GvsGMvsGHm.png used on input line 26.
(pdftex.def)             Requested size: 172.5pt x 129.32533pt.

<histm.png, id=2, 429.2838pt x 338.7054pt>
File: histm.png Graphic file (type png)
 <use histm.png>
Package pdftex.def Info: histm.png used on input line 28.
(pdftex.def)             Requested size: 172.5pt x 136.09995pt.

<histReturnsm.png, id=3, 421.575pt x 316.0608pt>
File: histReturnsm.png Graphic file (type png)
 <use histReturnsm.png>
Package pdftex.def Info: histReturnsm.png used on input line 30.
(pdftex.def)             Requested size: 172.5pt x 129.32533pt.

[1

{/var/lib/texmf/fonts/map/pdftex/updmap/pdftex.map}]
<GvsGMvsGHwk.png, id=17, 421.575pt x 316.0608pt>
File: GvsGMvsGHwk.png Graphic file (type png)
 <use GvsGMvsGHwk.png>
Package pdftex.def Info: GvsGMvsGHwk.png used on input line 54.
(pdftex.def)             Requested size: 172.5pt x 129.32533pt.

<histwk.png, id=18, 429.2838pt x 338.7054pt>
File: histwk.png Graphic file (type png)
 <use histwk.png>
Package pdftex.def Info: histwk.png used on input line 56.
(pdftex.def)             Requested size: 172.5pt x 136.09995pt.

<histReturnswk.png, id=19, 429.2838pt x 338.7054pt>
File: histReturnswk.png Graphic file (type png)
 <use histReturnswk.png>
Package pdftex.def Info: histReturnswk.png used on input line 58.
(pdftex.def)             Requested size: 172.5pt x 136.09995pt.

[2 <./GvsGMvsGHm.png (PNG copy)> <./histm.png (PNG copy)> <./histReturnsm.png (
PNG copy)>] <GvsGMvsGHd.png, id=24, 421.575pt x 316.0608pt>
File: GvsGMvsGHd.png Graphic file (type png)

<use GvsGMvsGHd.png>
Package pdftex.def Info: GvsGMvsGHd.png used on input line 83.
(pdftex.def)             Requested size: 172.5pt x 129.32533pt.
 <histd.png, id=25, 429.2838pt x 338.7054pt>
File: histd.png Graphic file (type png)

<use histd.png>
Package pdftex.def Info: histd.png used on input line 85.
(pdftex.def)             Requested size: 172.5pt x 136.09995pt.
 <histReturnsd.png, id=26, 429.2838pt x 338.7054pt>
File: histReturnsd.png Graphic file (type png)

<use histReturnsd.png>
Package pdftex.def Info: histReturnsd.png used on input line 87.
(pdftex.def)             Requested size: 172.5pt x 136.09995pt.
 [3 <./GvsGMvsGHwk.png (PNG copy)> <./histwk.png (PNG copy)> <./histReturnswk.p
ng (PNG copy)>]
<Mixture.png, id=30, 971.7906pt x 516.4896pt>
File: Mixture.png Graphic file (type png)
 <use Mixture.png>
Package pdftex.def Info: Mixture.png used on input line 110.
(pdftex.def)             Requested size: 345.0pt x 183.35902pt.
 [4 <./GvsGMvsGHd.png (PNG copy)> <./histd.png (PNG copy)> <./histReturnsd.png 
(PNG copy)>]
<error1.png, id=34, 421.575pt x 316.0608pt>
File: error1.png Graphic file (type png)
 <use error1.png>
Package pdftex.def Info: error1.png used on input line 120.
(pdftex.def)             Requested size: 172.5pt x 129.32533pt.

<error2.png, id=35, 421.575pt x 316.0608pt>
File: error2.png Graphic file (type png)
 <use error2.png>
Package pdftex.def Info: error2.png used on input line 122.
(pdftex.def)             Requested size: 172.5pt x 129.32533pt.
 [5 <./Mixture.png (PNG copy)> <./error1.png (PNG copy)> <./error2.png (PNG cop
y)>]
(./secondWIP.aux) ) 
Here is how much of TeX's memory you used:
 3264 strings out of 493029
 51961 string characters out of 6136234
 117483 words of memory out of 5000000
 6764 multiletter control sequences out of 15000+600000
 9188 words of font info for 33 fonts, out of 8000000 for 9000
 1141 hyphenation exceptions out of 8191
 44i,9n,49p,235b,353s stack positions out of 5000i,500n,10000p,200000b,80000s
</usr/share/texlive/texmf-dist/fonts/type1/public/amsfonts/c
m/cmbx10.pfb></usr/share/texlive/texmf-dist/fonts/type1/public/amsfonts/cm/cmbx
12.pfb></usr/share/texlive/texmf-dist/fonts/type1/public/amsfonts/cm/cmmi10.pfb
></usr/share/texlive/texmf-dist/fonts/type1/public/amsfonts/cm/cmmi7.pfb></usr/
share/texlive/texmf-dist/fonts/type1/public/amsfonts/cm/cmr10.pfb></usr/share/t
exlive/texmf-dist/fonts/type1/public/amsfonts/cm/cmr12.pfb></usr/share/texlive/
texmf-dist/fonts/type1/public/amsfonts/cm/cmr17.pfb></usr/share/texlive/texmf-d
ist/fonts/type1/public/amsfonts/cm/cmr7.pfb></usr/share/texlive/texmf-dist/font
s/type1/public/amsfonts/cm/cmr8.pfb>
Output written on secondWIP.pdf (5 pages, 499259 bytes).
PDF statistics:
 68 PDF objects out of 1000 (max. 8388607)
 39 compressed objects within 1 object stream
 0 named destinations out of 1000 (max. 500000)
 61 words of extra memory for PDF output out of 10000 (max. 10000000)

